var --> (-1, -1)
identifier --> (0, 0)
= --> (-1, -1)
int const --> (0, 0)
; --> (-1, -1)
var --> (-1, -1)
identifier --> (0, 0)
= --> (-1, -1)
int const --> (0, 0)
; --> (-1, -1)
var --> (-1, -1)
identifier --> (0, 0)
= --> (-1, -1)
int const --> (0, 0)
; --> (-1, -1)
identifier --> (0, 0)
= --> (-1, -1)
identifier --> (0, 0)
; --> (-1, -1)
if --> (-1, -1)
( --> (-1, -1)
identifier --> (0, 0)
< --> (-1, -1)
identifier --> (0, 0)
) --> (-1, -1)
: --> (-1, -1)
identifier --> (0, 0)
= --> (-1, -1)
identifier --> (0, 0)
; --> (-1, -1)
if --> (-1, -1)
( --> (-1, -1)
identifier --> (0, 0)
< --> (-1, -1)
identifier --> (0, 0)
) --> (-1, -1)
: --> (-1, -1)
identifier --> (0, 0)
= --> (-1, -1)
identifier --> (0, 0)
; --> (-1, -1)
print --> (-1, -1)
( --> (-1, -1)
identifier --> (0, 0)
) --> (-1, -1)
; --> (-1, -1)
identifier --> (0, 0)
= --> (-1, -1)
identifier --> (0, 0)
; --> (-1, -1)
if --> (-1, -1)
( --> (-1, -1)
identifier --> (0, 0)
> --> (-1, -1)
identifier --> (0, 0)
) --> (-1, -1)
: --> (-1, -1)
identifier --> (0, 0)
= --> (-1, -1)
identifier --> (0, 0)
; --> (-1, -1)
if --> (-1, -1)
( --> (-1, -1)
identifier --> (0, 0)
> --> (-1, -1)
identifier --> (0, 0)
) --> (-1, -1)
: --> (-1, -1)
identifier --> (0, 0)
= --> (-1, -1)
identifier --> (0, 0)
; --> (-1, -1)
print --> (-1, -1)
( --> (-1, -1)
identifier --> (0, 0)
) --> (-1, -1)
; --> (-1, -1)
